2018-12-05T18:51:10.065+0000 I CONTROL  [main] ***** SERVER RESTARTED *****
2018-12-05T18:51:10.070+0000 I ACCESS   [main] permissions on /data/configdb/key.file are too open
2018-12-05T19:49:59.641+0000 I CONTROL  [main] ***** SERVER RESTARTED *****
2018-12-05T19:49:59.656+0000 I CONTROL  [initandlisten] MongoDB starting : pid=1 port=27019 dbpath=/data/configdb 64-bit host=6f38ea5a8fcd
2018-12-05T19:49:59.656+0000 I CONTROL  [initandlisten] db version v4.0.3
2018-12-05T19:49:59.656+0000 I CONTROL  [initandlisten] git version: 7ea530946fa7880364d88c8d8b6026bbc9ffa48c
2018-12-05T19:49:59.656+0000 I CONTROL  [initandlisten] OpenSSL version: OpenSSL 1.0.2g  1 Mar 2016
2018-12-05T19:49:59.656+0000 I CONTROL  [initandlisten] allocator: tcmalloc
2018-12-05T19:49:59.656+0000 I CONTROL  [initandlisten] modules: none
2018-12-05T19:49:59.656+0000 I CONTROL  [initandlisten] build environment:
2018-12-05T19:49:59.656+0000 I CONTROL  [initandlisten]     distmod: ubuntu1604
2018-12-05T19:49:59.656+0000 I CONTROL  [initandlisten]     distarch: x86_64
2018-12-05T19:49:59.656+0000 I CONTROL  [initandlisten]     target_arch: x86_64
2018-12-05T19:49:59.656+0000 I CONTROL  [initandlisten] options: { config: "/data/configdb/mongod.conf", net: { bindIpAll: true }, replication: { replSetName: "rs_configsvr" }, security: { authorization: "enabled", keyFile: "/data/configdb/key.file" }, sharding: { clusterRole: "configsvr" }, storage: { dbPath: "/data/configdb", wiredTiger: { engineConfig: { cacheSizeGB: 0.25 } } }, systemLog: { destination: "file", logAppend: true, path: "/data/configdb/log/config.log" } }
2018-12-05T19:49:59.657+0000 I STORAGE  [initandlisten] wiredtiger_open config: create,cache_size=256M,session_max=20000,eviction=(threads_min=4,threads_max=4),config_base=false,statistics=(fast),log=(enabled=true,archive=true,path=journal,compressor=snappy),file_manager=(close_idle_time=100000),statistics_log=(wait=0),verbose=(recovery_progress),
2018-12-05T19:50:00.221+0000 I STORAGE  [initandlisten] WiredTiger message [1544039400:221717][1:0x7f218e053a00], txn-recover: Set global recovery timestamp: 0
2018-12-05T19:50:00.224+0000 I RECOVERY [initandlisten] WiredTiger recoveryTimestamp. Ts: Timestamp(0, 0)
2018-12-05T19:50:00.238+0000 I CONTROL  [initandlisten] 
2018-12-05T19:50:00.238+0000 I CONTROL  [initandlisten] ** WARNING: You are running on a NUMA machine.
2018-12-05T19:50:00.238+0000 I CONTROL  [initandlisten] **          We suggest launching mongod like this to avoid performance problems:
2018-12-05T19:50:00.238+0000 I CONTROL  [initandlisten] **              numactl --interleave=all mongod [other options]
2018-12-05T19:50:00.239+0000 I CONTROL  [initandlisten] 
2018-12-05T19:50:00.239+0000 I CONTROL  [initandlisten] ** WARNING: /sys/kernel/mm/transparent_hugepage/enabled is 'always'.
2018-12-05T19:50:00.239+0000 I CONTROL  [initandlisten] **        We suggest setting it to 'never'
2018-12-05T19:50:00.239+0000 I CONTROL  [initandlisten] 
2018-12-05T19:50:00.239+0000 I CONTROL  [initandlisten] ** WARNING: /sys/kernel/mm/transparent_hugepage/defrag is 'always'.
2018-12-05T19:50:00.239+0000 I CONTROL  [initandlisten] **        We suggest setting it to 'never'
2018-12-05T19:50:00.239+0000 I CONTROL  [initandlisten] 
2018-12-05T19:50:00.242+0000 I STORAGE  [initandlisten] createCollection: local.startup_log with generated UUID: 9a38b139-8039-471a-9b37-29d418b0ae4a
2018-12-05T19:50:00.247+0000 I FTDC     [initandlisten] Initializing full-time diagnostic data capture with directory '/data/configdb/diagnostic.data'
2018-12-05T19:50:00.248+0000 I SHARDING [thread1] creating distributed lock ping thread for process ConfigServer (sleeping for 30000ms)
2018-12-05T19:50:00.248+0000 I SHARDING [shard registry reload] Periodic reload of shard registry failed  :: caused by :: ReadConcernMajorityNotAvailableYet: could not get updated shard list from config server :: caused by :: Read concern majority reads are currently not possible.; will retry after 30s
2018-12-05T19:50:00.248+0000 I STORAGE  [initandlisten] createCollection: local.replset.oplogTruncateAfterPoint with generated UUID: a1c44797-53bc-4ce6-8f2d-4c2b38563474
2018-12-05T19:50:00.251+0000 I STORAGE  [initandlisten] createCollection: local.replset.minvalid with generated UUID: 94e405ce-dcfd-48c2-9282-e732983857bf
2018-12-05T19:50:00.256+0000 I REPL     [initandlisten] Did not find local voted for document at startup.
2018-12-05T19:50:00.256+0000 I REPL     [initandlisten] Did not find local Rollback ID document at startup. Creating one.
2018-12-05T19:50:00.256+0000 I STORAGE  [initandlisten] createCollection: local.system.rollback.id with generated UUID: 55edbb00-f70b-47de-844a-ec4fbd1ad8fe
2018-12-05T19:50:00.259+0000 I REPL     [initandlisten] Initialized the rollback ID to 1
2018-12-05T19:50:00.259+0000 I REPL     [initandlisten] Did not find local replica set configuration document at startup;  NoMatchingDocument: Did not find replica set configuration document in local.system.replset
2018-12-05T19:50:00.259+0000 I SH_REFR  [ConfigServerCatalogCacheLoader-0] Refresh for database config took 0 ms and found { _id: "config", primary: "config", partitioned: true }
2018-12-05T19:50:00.260+0000 I CONTROL  [LogicalSessionCacheRefresh] Failed to create config.system.sessions: Cannot create config.system.sessions until there are shards, will try again at the next refresh interval
2018-12-05T19:50:00.260+0000 I CONTROL  [LogicalSessionCacheRefresh] Sessions collection is not set up; waiting until next sessions refresh interval: Cannot create config.system.sessions until there are shards
2018-12-05T19:50:00.260+0000 I NETWORK  [initandlisten] waiting for connections on port 27019
2018-12-05T19:50:30.248+0000 I SHARDING [shard registry reload] Periodic reload of shard registry failed  :: caused by :: NotYetInitialized: could not get updated shard list from config server :: caused by :: Cannot use non-local read concern until replica set is finished initializing.; will retry after 30s
2018-12-05T19:51:00.248+0000 I SHARDING [shard registry reload] Periodic reload of shard registry failed  :: caused by :: NotYetInitialized: could not get updated shard list from config server :: caused by :: Cannot use non-local read concern until replica set is finished initializing.; will retry after 30s
2018-12-05T19:51:30.248+0000 I SHARDING [shard registry reload] Periodic reload of shard registry failed  :: caused by :: NotYetInitialized: could not get updated shard list from config server :: caused by :: Cannot use non-local read concern until replica set is finished initializing.; will retry after 30s
2018-12-05T19:52:00.248+0000 I SHARDING [shard registry reload] Periodic reload of shard registry failed  :: caused by :: NotYetInitialized: could not get updated shard list from config server :: caused by :: Cannot use non-local read concern until replica set is finished initializing.; will retry after 30s
2018-12-05T19:52:30.248+0000 I SHARDING [shard registry reload] Periodic reload of shard registry failed  :: caused by :: NotYetInitialized: could not get updated shard list from config server :: caused by :: Cannot use non-local read concern until replica set is finished initializing.; will retry after 30s
2018-12-05T19:53:00.248+0000 I SHARDING [shard registry reload] Periodic reload of shard registry failed  :: caused by :: NotYetInitialized: could not get updated shard list from config server :: caused by :: Cannot use non-local read concern until replica set is finished initializing.; will retry after 30s
2018-12-05T19:53:30.248+0000 I SHARDING [shard registry reload] Periodic reload of shard registry failed  :: caused by :: NotYetInitialized: could not get updated shard list from config server :: caused by :: Cannot use non-local read concern until replica set is finished initializing.; will retry after 30s
2018-12-05T19:54:00.248+0000 I SHARDING [shard registry reload] Periodic reload of shard registry failed  :: caused by :: NotYetInitialized: could not get updated shard list from config server :: caused by :: Cannot use non-local read concern until replica set is finished initializing.; will retry after 30s
2018-12-05T19:54:30.248+0000 I SHARDING [shard registry reload] Periodic reload of shard registry failed  :: caused by :: NotYetInitialized: could not get updated shard list from config server :: caused by :: Cannot use non-local read concern until replica set is finished initializing.; will retry after 30s
2018-12-05T19:55:00.248+0000 I SHARDING [shard registry reload] Periodic reload of shard registry failed  :: caused by :: NotYetInitialized: could not get updated shard list from config server :: caused by :: Cannot use non-local read concern until replica set is finished initializing.; will retry after 30s
2018-12-05T19:55:00.259+0000 I CONTROL  [LogicalSessionCacheRefresh] Failed to create config.system.sessions: Cannot create config.system.sessions until there are shards, will try again at the next refresh interval
2018-12-05T19:55:00.259+0000 I CONTROL  [LogicalSessionCacheRefresh] Sessions collection is not set up; waiting until next sessions refresh interval: Cannot create config.system.sessions until there are shards
2018-12-05T19:55:30.248+0000 I SHARDING [shard registry reload] Periodic reload of shard registry failed  :: caused by :: NotYetInitialized: could not get updated shard list from config server :: caused by :: Cannot use non-local read concern until replica set is finished initializing.; will retry after 30s
2018-12-05T19:56:00.248+0000 I SHARDING [shard registry reload] Periodic reload of shard registry failed  :: caused by :: NotYetInitialized: could not get updated shard list from config server :: caused by :: Cannot use non-local read concern until replica set is finished initializing.; will retry after 30s
2018-12-05T19:56:30.248+0000 I SHARDING [shard registry reload] Periodic reload of shard registry failed  :: caused by :: NotYetInitialized: could not get updated shard list from config server :: caused by :: Cannot use non-local read concern until replica set is finished initializing.; will retry after 30s
2018-12-05T19:57:00.248+0000 I SHARDING [shard registry reload] Periodic reload of shard registry failed  :: caused by :: NotYetInitialized: could not get updated shard list from config server :: caused by :: Cannot use non-local read concern until replica set is finished initializing.; will retry after 30s
2018-12-05T19:57:30.248+0000 I SHARDING [shard registry reload] Periodic reload of shard registry failed  :: caused by :: NotYetInitialized: could not get updated shard list from config server :: caused by :: Cannot use non-local read concern until replica set is finished initializing.; will retry after 30s
2018-12-05T19:58:00.248+0000 I SHARDING [shard registry reload] Periodic reload of shard registry failed  :: caused by :: NotYetInitialized: could not get updated shard list from config server :: caused by :: Cannot use non-local read concern until replica set is finished initializing.; will retry after 30s
2018-12-05T19:58:30.248+0000 I SHARDING [shard registry reload] Periodic reload of shard registry failed  :: caused by :: NotYetInitialized: could not get updated shard list from config server :: caused by :: Cannot use non-local read concern until replica set is finished initializing.; will retry after 30s
2018-12-05T19:59:00.248+0000 I SHARDING [shard registry reload] Periodic reload of shard registry failed  :: caused by :: NotYetInitialized: could not get updated shard list from config server :: caused by :: Cannot use non-local read concern until replica set is finished initializing.; will retry after 30s
2018-12-05T19:59:30.248+0000 I SHARDING [shard registry reload] Periodic reload of shard registry failed  :: caused by :: NotYetInitialized: could not get updated shard list from config server :: caused by :: Cannot use non-local read concern until replica set is finished initializing.; will retry after 30s
2018-12-05T20:00:00.248+0000 I SHARDING [shard registry reload] Periodic reload of shard registry failed  :: caused by :: NotYetInitialized: could not get updated shard list from config server :: caused by :: Cannot use non-local read concern until replica set is finished initializing.; will retry after 30s
2018-12-05T20:00:00.259+0000 I CONTROL  [LogicalSessionCacheRefresh] Failed to create config.system.sessions: Cannot create config.system.sessions until there are shards, will try again at the next refresh interval
2018-12-05T20:00:00.259+0000 I CONTROL  [LogicalSessionCacheRefresh] Sessions collection is not set up; waiting until next sessions refresh interval: Cannot create config.system.sessions until there are shards
2018-12-05T20:00:30.248+0000 I SHARDING [shard registry reload] Periodic reload of shard registry failed  :: caused by :: NotYetInitialized: could not get updated shard list from config server :: caused by :: Cannot use non-local read concern until replica set is finished initializing.; will retry after 30s
2018-12-05T20:01:00.248+0000 I SHARDING [shard registry reload] Periodic reload of shard registry failed  :: caused by :: NotYetInitialized: could not get updated shard list from config server :: caused by :: Cannot use non-local read concern until replica set is finished initializing.; will retry after 30s
2018-12-05T20:01:30.248+0000 I SHARDING [shard registry reload] Periodic reload of shard registry failed  :: caused by :: NotYetInitialized: could not get updated shard list from config server :: caused by :: Cannot use non-local read concern until replica set is finished initializing.; will retry after 30s
2018-12-05T20:02:00.248+0000 I SHARDING [shard registry reload] Periodic reload of shard registry failed  :: caused by :: NotYetInitialized: could not get updated shard list from config server :: caused by :: Cannot use non-local read concern until replica set is finished initializing.; will retry after 30s
2018-12-05T20:02:30.248+0000 I SHARDING [shard registry reload] Periodic reload of shard registry failed  :: caused by :: NotYetInitialized: could not get updated shard list from config server :: caused by :: Cannot use non-local read concern until replica set is finished initializing.; will retry after 30s
2018-12-05T20:03:00.248+0000 I SHARDING [shard registry reload] Periodic reload of shard registry failed  :: caused by :: NotYetInitialized: could not get updated shard list from config server :: caused by :: Cannot use non-local read concern until replica set is finished initializing.; will retry after 30s
2018-12-05T20:03:30.248+0000 I SHARDING [shard registry reload] Periodic reload of shard registry failed  :: caused by :: NotYetInitialized: could not get updated shard list from config server :: caused by :: Cannot use non-local read concern until replica set is finished initializing.; will retry after 30s
2018-12-05T20:04:00.248+0000 I SHARDING [shard registry reload] Periodic reload of shard registry failed  :: caused by :: NotYetInitialized: could not get updated shard list from config server :: caused by :: Cannot use non-local read concern until replica set is finished initializing.; will retry after 30s
2018-12-05T20:04:30.248+0000 I SHARDING [shard registry reload] Periodic reload of shard registry failed  :: caused by :: NotYetInitialized: could not get updated shard list from config server :: caused by :: Cannot use non-local read concern until replica set is finished initializing.; will retry after 30s
2018-12-05T20:05:00.248+0000 I SHARDING [shard registry reload] Periodic reload of shard registry failed  :: caused by :: NotYetInitialized: could not get updated shard list from config server :: caused by :: Cannot use non-local read concern until replica set is finished initializing.; will retry after 30s
2018-12-05T20:05:00.259+0000 I CONTROL  [LogicalSessionCacheRefresh] Failed to create config.system.sessions: Cannot create config.system.sessions until there are shards, will try again at the next refresh interval
2018-12-05T20:05:00.259+0000 I CONTROL  [LogicalSessionCacheRefresh] Sessions collection is not set up; waiting until next sessions refresh interval: Cannot create config.system.sessions until there are shards
2018-12-05T20:05:30.248+0000 I SHARDING [shard registry reload] Periodic reload of shard registry failed  :: caused by :: NotYetInitialized: could not get updated shard list from config server :: caused by :: Cannot use non-local read concern until replica set is finished initializing.; will retry after 30s
2018-12-05T20:06:00.248+0000 I SHARDING [shard registry reload] Periodic reload of shard registry failed  :: caused by :: NotYetInitialized: could not get updated shard list from config server :: caused by :: Cannot use non-local read concern until replica set is finished initializing.; will retry after 30s
2018-12-05T20:06:30.248+0000 I SHARDING [shard registry reload] Periodic reload of shard registry failed  :: caused by :: NotYetInitialized: could not get updated shard list from config server :: caused by :: Cannot use non-local read concern until replica set is finished initializing.; will retry after 30s
